# JRE version: Java(TM) SE Runtime Environment (8.0_221-b11) (build 1.8.0_221-b11)
# Java VM: Java HotSpot(TM) 64-Bit Server VM (25.221-b11 mixed mode bsd-amd64 compressed oops)
Heap:
 PSYoungGen      total 222208K, used 18266K [0x0000000795580000, 0x00000007a7500000, 0x00000007c0000000)
  eden space 209408K, 3% used [0x0000000795580000,0x0000000795d57bb0,0x00000007a2200000)
  from space 12800K, 79% used [0x00000007a2200000,0x00000007a2bfedd8,0x00000007a2e80000)
  to   space 13824K, 0% used [0x00000007a6780000,0x00000007a6780000,0x00000007a7500000)
 ParOldGen       total 76288K, used 26802K [0x0000000740000000, 0x0000000744a80000, 0x0000000795580000)
  object space 76288K, 35% used [0x0000000740000000,0x0000000741a2c9b0,0x0000000744a80000)
 Metaspace       used 53258K, capacity 56450K, committed 56704K, reserved 1097728K
  class space    used 6849K, capacity 7431K, committed 7552K, reserved 1048576K
GC Heap History (10 events):
Event: 6.879 GC heap before
{Heap before GC invocations=11 (full 1):
 PSYoungGen      total 121856K, used 41303K [0x0000000795580000, 0x00000007a0500000, 0x00000007c0000000)
  eden space 113152K, 28% used [0x0000000795580000,0x00000007975577d0,0x000000079c400000)
  from space 8704K, 99% used [0x000000079c400000,0x000000079cc7e600,0x000000079cc80000)
  to   space 10240K, 0% used [0x000000079fb00000,0x000000079fb00000,0x00000007a0500000)
 ParOldGen       total 50688K, used 8743K [0x0000000740000000, 0x0000000743180000, 0x0000000795580000)
  object space 50688K, 17% used [0x0000000740000000,0x0000000740889c20,0x0000000743180000)
 Metaspace       used 33201K, capacity 35258K, committed 35416K, reserved 1079296K
  class space    used 4608K, capacity 5019K, committed 5120K, reserved 1048576K
Event: 6.898 GC heap after
Heap after GC invocations=11 (full 1):
 PSYoungGen      total 169472K, used 5951K [0x0000000795580000, 0x00000007a0800000, 0x00000007c0000000)
  eden space 159232K, 0% used [0x0000000795580000,0x0000000795580000,0x000000079f100000)
  from space 10240K, 58% used [0x000000079fb00000,0x00000007a00cfcb0,0x00000007a0500000)
  to   space 10240K, 0% used [0x000000079f100000,0x000000079f100000,0x000000079fb00000)
 ParOldGen       total 50688K, used 12590K [0x0000000740000000, 0x0000000743180000, 0x0000000795580000)
  object space 50688K, 24% used [0x0000000740000000,0x0000000740c4bb78,0x0000000743180000)
 Metaspace       used 33201K, capacity 35258K, committed 35416K, reserved 1079296K
  class space    used 4608K, capacity 5019K, committed 5120K, reserved 1048576K
}
Event: 6.899 GC heap before
{Heap before GC invocations=12 (full 2):
 PSYoungGen      total 169472K, used 5951K [0x0000000795580000, 0x00000007a0800000, 0x00000007c0000000)
  eden space 159232K, 0% used [0x0000000795580000,0x0000000795580000,0x000000079f100000)
  from space 10240K, 58% used [0x000000079fb00000,0x00000007a00cfcb0,0x00000007a0500000)
  to   space 10240K, 0% used [0x000000079f100000,0x000000079f100000,0x000000079fb00000)
 ParOldGen       total 50688K, used 12590K [0x0000000740000000, 0x0000000743180000, 0x0000000795580000)
  object space 50688K, 24% used [0x0000000740000000,0x0000000740c4bb78,0x0000000743180000)
 Metaspace       used 33201K, capacity 35258K, committed 35416K, reserved 1079296K
  class space    used 4608K, capacity 5019K, committed 5120K, reserved 1048576K
Event: 6.968 GC heap after
Heap after GC invocations=12 (full 2):
 PSYoungGen      total 169472K, used 0K [0x0000000795580000, 0x00000007a0800000, 0x00000007c0000000)
  eden space 159232K, 0% used [0x0000000795580000,0x0000000795580000,0x000000079f100000)
  from space 10240K, 0% used [0x000000079fb00000,0x000000079fb00000,0x00000007a0500000)
  to   space 10240K, 0% used [0x000000079f100000,0x000000079f100000,0x000000079fb00000)
 ParOldGen       total 76288K, used 14768K [0x0000000740000000, 0x0000000744a80000, 0x0000000795580000)
  object space 76288K, 19% used [0x0000000740000000,0x0000000740e6c378,0x0000000744a80000)
 Metaspace       used 33201K, capacity 35258K, committed 35416K, reserved 1079296K
  class space    used 4608K, capacity 5019K, committed 5120K, reserved 1048576K
}
Event: 7.724 GC heap before
{Heap before GC invocations=13 (full 2):
 PSYoungGen      total 169472K, used 159232K [0x0000000795580000, 0x00000007a0800000, 0x00000007c0000000)
  eden space 159232K, 100% used [0x0000000795580000,0x000000079f100000,0x000000079f100000)
  from space 10240K, 0% used [0x000000079fb00000,0x000000079fb00000,0x00000007a0500000)
  to   space 10240K, 0% used [0x000000079f100000,0x000000079f100000,0x000000079fb00000)
 ParOldGen       total 76288K, used 14768K [0x0000000740000000, 0x0000000744a80000, 0x0000000795580000)
  object space 76288K, 19% used [0x0000000740000000,0x0000000740e6c378,0x0000000744a80000)
 Metaspace       used 36170K, capacity 38392K, committed 38528K, reserved 1083392K
  class space    used 5007K, capacity 5430K, committed 5504K, reserved 1048576K
Event: 7.729 GC heap after
Heap after GC invocations=13 (full 2):
 PSYoungGen      total 169472K, used 3160K [0x0000000795580000, 0x00000007a3880000, 0x00000007c0000000)
  eden space 159232K, 0% used [0x0000000795580000,0x0000000795580000,0x000000079f100000)
  from space 10240K, 30% used [0x000000079f100000,0x000000079f416100,0x000000079fb00000)
  to   space 10240K, 0% used [0x00000007a2e80000,0x00000007a2e80000,0x00000007a3880000)
 ParOldGen       total 76288K, used 14840K [0x0000000740000000, 0x0000000744a80000, 0x0000000795580000)
  object space 76288K, 19% used [0x0000000740000000,0x0000000740e7e388,0x0000000744a80000)
 Metaspace       used 36170K, capacity 38392K, committed 38528K, reserved 1083392K
  class space    used 5007K, capacity 5430K, committed 5504K, reserved 1048576K
}
Event: 8.853 GC heap before
{Heap before GC invocations=14 (full 2):
 PSYoungGen      total 169472K, used 162392K [0x0000000795580000, 0x00000007a3880000, 0x00000007c0000000)
  eden space 159232K, 100% used [0x0000000795580000,0x000000079f100000,0x000000079f100000)
  from space 10240K, 30% used [0x000000079f100000,0x000000079f416100,0x000000079fb00000)
  to   space 10240K, 0% used [0x00000007a2e80000,0x00000007a2e80000,0x00000007a3880000)
 ParOldGen       total 76288K, used 14840K [0x0000000740000000, 0x0000000744a80000, 0x0000000795580000)
  object space 76288K, 19% used [0x0000000740000000,0x0000000740e7e388,0x0000000744a80000)
 Metaspace       used 44578K, capacity 47194K, committed 47488K, reserved 1089536K
  class space    used 5929K, capacity 6422K, committed 6528K, reserved 1048576K
Event: 8.871 GC heap after
Heap after GC invocations=14 (full 2):
 PSYoungGen      total 219648K, used 10222K [0x0000000795580000, 0x00000007a3b00000, 0x00000007c0000000)
  eden space 209408K, 0% used [0x0000000795580000,0x0000000795580000,0x00000007a2200000)
  from space 10240K, 99% used [0x00000007a2e80000,0x00000007a387b8d8,0x00000007a3880000)
  to   space 12800K, 0% used [0x00000007a2200000,0x00000007a2200000,0x00000007a2e80000)
 ParOldGen       total 76288K, used 19076K [0x0000000740000000, 0x0000000744a80000, 0x0000000795580000)
  object space 76288K, 25% used [0x0000000740000000,0x00000007412a1028,0x0000000744a80000)
 Metaspace       used 44578K, capacity 47194K, committed 47488K, reserved 1089536K
  class space    used 5929K, capacity 6422K, committed 6528K, reserved 1048576K
}
Event: 268.180 GC heap before
{Heap before GC invocations=15 (full 2):
 PSYoungGen      total 219648K, used 219630K [0x0000000795580000, 0x00000007a3b00000, 0x00000007c0000000)
  eden space 209408K, 100% used [0x0000000795580000,0x00000007a2200000,0x00000007a2200000)
  from space 10240K, 99% used [0x00000007a2e80000,0x00000007a387b8d8,0x00000007a3880000)
  to   space 12800K, 0% used [0x00000007a2200000,0x00000007a2200000,0x00000007a2e80000)
 ParOldGen       total 76288K, used 19076K [0x0000000740000000, 0x0000000744a80000, 0x0000000795580000)
  object space 76288K, 25% used [0x0000000740000000,0x00000007412a1028,0x0000000744a80000)
 Metaspace       used 53226K, capacity 56362K, committed 56704K, reserved 1097728K
  class space    used 6840K, capacity 7427K, committed 7552K, reserved 1048576K
Event: 268.292 GC heap after
Heap after GC invocations=15 (full 2):
 PSYoungGen      total 222208K, used 10235K [0x0000000795580000, 0x00000007a7500000, 0x00000007c0000000)
  eden space 209408K, 0% used [0x0000000795580000,0x0000000795580000,0x00000007a2200000)
  from space 12800K, 79% used [0x00000007a2200000,0x00000007a2bfedd8,0x00000007a2e80000)
  to   space 13824K, 0% used [0x00000007a6780000,0x00000007a6780000,0x00000007a7500000)
 ParOldGen       total 76288K, used 26802K [0x0000000740000000, 0x0000000744a80000, 0x0000000795580000)
  object space 76288K, 35% used [0x0000000740000000,0x0000000741a2c9b0,0x0000000744a80000)
 Metaspace       used 53226K, capacity 56362K, committed 56704K, reserved 1097728K
  class space    used 6840K, capacity 7427K, committed 7552K, reserved 1048576K
}

